<?xml version="1.0" encoding="UTF-8"?>
<!-- Generated by org.testng.reporters.JUnitReportReporter -->
<testsuite skipped="0" hostname="Sucheendra-PC" name="MagentoTest" tests="1" failures="0" timestamp="03 Oct 2018 05:15:47 GMT" time="26.061" errors="0">
  <testcase name="testcase" time="26.061" classname="MagentoTest"/>
</testsuite> <!-- MagentoTest -->
